
 Strike / Maturity |       0.25       0.50       0.75       1.00       1.25
-------------------|-------------------------------------------------------
             80.00 |    20.6158    21.6083    22.6227    23.6000    24.5356
             85.00 |    16.1108    17.3788    18.5783    19.6938    20.7413
             90.00 |    11.6079    13.2039    14.5929    15.8433    16.9976
             95.00 |     7.6486     9.5159    11.0469    12.3974    13.6315
            100.00 |     4.2735     6.2306     7.8137     9.2084    10.4828
            105.00 |     1.9891     3.7328     5.2303     6.5852     7.8419
            110.00 |     0.7423     2.0274     3.3064     4.5368     5.7160
            115.00 |     0.2202     0.9992     1.9802     3.0223     4.0749
            120.00 |     0.0465     0.4167     1.0679     1.8717     2.7515
            125.00 |     0.0071     0.1454     0.5120     1.0665     1.7462

Maturity t=1.00
Strike 		 Call Price
-----------------------
80.00 		 23.60
85.00 		 19.69
90.00 		 15.84
95.00 		 12.40
100.00 		 9.21
105.00 		 6.59
110.00 		 4.54
115.00 		 3.02
120.00 		 1.87
125.00 		 1.07

